[ 2017-09-13T14:38:14+08:00 ] 127.0.0.1 /
INFO: [ app_init ] --START--
INFO: Run Behavior\BuildLiteBehavior [ RunTime:0.000014s ]
INFO: [ app_init ] --END-- [ RunTime:0.016599s ]
INFO: [ app_begin ] --START--
INFO: Run Behavior\ReadHtmlCacheBehavior [ RunTime:0.024192s ]
INFO: Run Behavior\CheckLangBehavior [ RunTime:0.031598s ]
INFO: [ app_begin ] --END-- [ RunTime:0.055923s ]
SQL: SHOW COLUMNS FROM `article` [ RunTime:0.1974s ]
SQL: SELECT * FROM `article` WHERE ( isdisplay = 1 ) ORDER BY sort asc  [ RunTime:0.0010s ]
SQL: SHOW COLUMNS FROM `sql_log` [ RunTime:0.0983s ]
SQL: INSERT INTO `sql_log` (`module`,`url`,`sql`,`use_time`,`add_time`) VALUES ('Home','Index/index','SELECT * FROM `article` WHERE ( isdisplay = 1 ) ORDER BY sort asc ','0.0011','2017-09-13 14:38:13') [ RunTime:0.0506s ]
INFO: [ view_parse ] --START--
INFO: [ template_filter ] --START--
INFO: Run Behavior\ContentReplaceBehavior [ RunTime:0.000053s ]
INFO: [ template_filter ] --END-- [ RunTime:0.000100s ]
NOTIC: [8] Undefined variable: tdk D:\phpStudy\WWW\myblog\Application\Runtime\Cache\Home\2a94b8bda04ff446dcedd42276fc99ee.php 第 6 行.
SQL: SHOW COLUMNS FROM `seo` [ RunTime:0.0531s ]
INFO: [ view_parse ] --START--
INFO: [ template_filter ] --START--
INFO: Run Behavior\ContentReplaceBehavior [ RunTime:0.000027s ]
INFO: [ template_filter ] --END-- [ RunTime:-0.283408s ]
INFO: Run Behavior\ParseTemplateBehavior [ RunTime:0.014791s ]
INFO: [ view_parse ] --END-- [ RunTime:0.014873s ]
INFO: [ view_filter ] --START--
INFO: Run Behavior\WriteHtmlCacheBehavior [ RunTime:0.019290s ]
INFO: [ view_filter ] --END-- [ RunTime:0.019393s ]
SQL: SHOW COLUMNS FROM `article_category` [ RunTime:0.0643s ]
SQL: SELECT `id`,`pid`,`name` FROM `article_category` WHERE ( pid=11 and is_hide=0 and is_system=1 ) ORDER BY sort asc  [ RunTime:0.0006s ]
INFO: [ view_parse ] --START--
INFO: [ template_filter ] --START--
INFO: Run Behavior\ContentReplaceBehavior [ RunTime:0.000026s ]
INFO: [ template_filter ] --END-- [ RunTime:-0.404184s ]
INFO: Run Behavior\ParseTemplateBehavior [ RunTime:0.035162s ]
INFO: [ view_parse ] --END-- [ RunTime:-0.096784s ]
INFO: [ view_filter ] --START--
INFO: Run Behavior\WriteHtmlCacheBehavior [ RunTime:0.000013s ]
INFO: [ view_filter ] --END-- [ RunTime:-0.112645s ]
SQL: SELECT `id`,`title` FROM `article` WHERE ( isdisplay = 1 ) ORDER BY add_time desc LIMIT 20   [ RunTime:0.0007s ]
INFO: [ view_parse ] --START--
INFO: [ template_filter ] --START--
INFO: Run Behavior\ContentReplaceBehavior [ RunTime:0.000030s ]
INFO: [ template_filter ] --END-- [ RunTime:-0.480935s ]
INFO: Run Behavior\ParseTemplateBehavior [ RunTime:0.022843s ]
INFO: [ view_parse ] --END-- [ RunTime:-0.181067s ]
INFO: [ view_filter ] --START--
INFO: Run Behavior\WriteHtmlCacheBehavior [ RunTime:0.000011s ]
INFO: [ view_filter ] --END-- [ RunTime:-0.184574s ]
SQL: SELECT `id`,`title` FROM `article` WHERE ( isdisplay = 1 and is_top = 1 ) ORDER BY add_time desc LIMIT 20   [ RunTime:0.0005s ]
INFO: [ view_parse ] --START--
INFO: [ template_filter ] --START--
INFO: Run Behavior\ContentReplaceBehavior [ RunTime:0.000026s ]
INFO: [ template_filter ] --END-- [ RunTime:-0.504243s ]
INFO: Run Behavior\ParseTemplateBehavior [ RunTime:0.026727s ]
INFO: [ view_parse ] --END-- [ RunTime:-0.204993s ]
INFO: [ view_filter ] --START--
INFO: Run Behavior\WriteHtmlCacheBehavior [ RunTime:0.000012s ]
INFO: [ view_filter ] --END-- [ RunTime:-0.212370s ]
INFO: Run Behavior\ParseTemplateBehavior [ RunTime:0.026848s ]
INFO: [ view_parse ] --END-- [ RunTime:-0.204993s ]
INFO: [ view_filter ] --START--
INFO: Run Behavior\WriteHtmlCacheBehavior [ RunTime:0.000015s ]
INFO: [ view_filter ] --END-- [ RunTime:-0.212482s ]
INFO: [ app_end ] --START--
INFO: Run Behavior\ShowPageTraceBehavior [ RunTime:0.026788s ]
INFO: Run Home\Behavior\RecordBehavior [ RunTime:0.072531s ]
INFO: [ app_end ] --END-- [ RunTime:0.099470s ]

